<?xml version="1.0" encoding="UTF-8"?>
<testsuite xmlns:xsi="http://www.w3.org/2001/XMLSchema-instance" xsi:noNamespaceSchemaLocation="https://maven.apache.org/surefire/maven-surefire-plugin/xsd/surefire-test-report-3.0.xsd" version="3.0" name="com.api.automation.getrequest.TestGetRunner" time="0.974" tests="1" errors="0" skipped="0" failures="0">
  <properties>
    <property name="java.specification.version" value="13"/>
    <property name="sun.cpu.isalist" value="amd64"/>
    <property name="sun.jnu.encoding" value="Cp1252"/>
    <property name="java.class.path" value="C:\Users\jnabil\eclipse-workspace\karate\target\test-classes;C:\Users\jnabil\eclipse-workspace\karate\target\classes;C:\Users\jnabil\.m2\repository\com\intuit\karate\karate-apache\0.9.6\karate-apache-0.9.6.jar;C:\Users\jnabil\.m2\repository\com\intuit\karate\karate-core\0.9.6\karate-core-0.9.6.jar;C:\Users\jnabil\.m2\repository\com\jayway\jsonpath\json-path\2.4.0\json-path-2.4.0.jar;C:\Users\jnabil\.m2\repository\net\minidev\json-smart\2.3\json-smart-2.3.jar;C:\Users\jnabil\.m2\repository\net\minidev\accessors-smart\1.2\accessors-smart-1.2.jar;C:\Users\jnabil\.m2\repository\org\ow2\asm\asm\5.0.4\asm-5.0.4.jar;C:\Users\jnabil\.m2\repository\info\cukes\cucumber-java\1.2.5\cucumber-java-1.2.5.jar;C:\Users\jnabil\.m2\repository\info\cukes\cucumber-core\1.2.5\cucumber-core-1.2.5.jar;C:\Users\jnabil\.m2\repository\org\yaml\snakeyaml\1.24\snakeyaml-1.24.jar;C:\Users\jnabil\.m2\repository\de\siegmar\fastcsv\1.0.3\fastcsv-1.0.3.jar;C:\Users\jnabil\.m2\repository\info\picocli\picocli\4.0.3\picocli-4.0.3.jar;C:\Users\jnabil\.m2\repository\org\apache\httpcomponents\httpclient\4.5.12\httpclient-4.5.12.jar;C:\Users\jnabil\.m2\repository\org\apache\httpcomponents\httpcore\4.4.13\httpcore-4.4.13.jar;C:\Users\jnabil\.m2\repository\commons-codec\commons-codec\1.11\commons-codec-1.11.jar;C:\Users\jnabil\.m2\repository\org\apache\httpcomponents\httpmime\4.5.12\httpmime-4.5.12.jar;C:\Users\jnabil\.m2\repository\org\slf4j\jcl-over-slf4j\1.7.25\jcl-over-slf4j-1.7.25.jar;C:\Users\jnabil\.m2\repository\org\slf4j\slf4j-api\1.7.25\slf4j-api-1.7.25.jar;C:\Users\jnabil\.m2\repository\ch\qos\logback\logback-classic\1.2.3\logback-classic-1.2.3.jar;C:\Users\jnabil\.m2\repository\ch\qos\logback\logback-core\1.2.3\logback-core-1.2.3.jar;C:\Users\jnabil\.m2\repository\com\intuit\karate\karate-junit5\0.9.6\karate-junit5-0.9.6.jar;C:\Users\jnabil\.m2\repository\org\junit\jupiter\junit-jupiter-api\5.5.0\junit-jupiter-api-5.5.0.jar;C:\Users\jnabil\.m2\repository\org\apiguardian\apiguardian-api\1.1.0\apiguardian-api-1.1.0.jar;C:\Users\jnabil\.m2\repository\org\opentest4j\opentest4j\1.2.0\opentest4j-1.2.0.jar;C:\Users\jnabil\.m2\repository\org\junit\platform\junit-platform-commons\1.5.0\junit-platform-commons-1.5.0.jar;C:\Users\jnabil\.m2\repository\org\junit\jupiter\junit-jupiter-engine\5.5.0\junit-jupiter-engine-5.5.0.jar;C:\Users\jnabil\.m2\repository\org\junit\platform\junit-platform-engine\1.5.0\junit-platform-engine-1.5.0.jar;"/>
    <property name="java.vm.vendor" value="Oracle Corporation"/>
    <property name="sun.arch.data.model" value="64"/>
    <property name="user.variant" value=""/>
    <property name="java.vendor.url" value="https://java.oracle.com/"/>
    <property name="user.timezone" value="Africa/Cairo"/>
    <property name="os.name" value="Windows 10"/>
    <property name="java.vm.specification.version" value="13"/>
    <property name="sun.java.launcher" value="SUN_STANDARD"/>
    <property name="user.country" value="US"/>
    <property name="sun.boot.library.path" value="C:\Program Files\Java\jdk-13.0.2\bin"/>
    <property name="sun.java.command" value="C:\Users\jnabil\AppData\Local\Temp\surefire897891545100273749\surefirebooter-20230726105844279_3.jar C:\Users\jnabil\AppData\Local\Temp\surefire897891545100273749 2023-07-26T10-58-40_485-jvmRun1 surefire-20230726105844279_1tmp surefire_0-20230726105844279_2tmp"/>
    <property name="jdk.debug" value="release"/>
    <property name="surefire.test.class.path" value="C:\Users\jnabil\eclipse-workspace\karate\target\test-classes;C:\Users\jnabil\eclipse-workspace\karate\target\classes;C:\Users\jnabil\.m2\repository\com\intuit\karate\karate-apache\0.9.6\karate-apache-0.9.6.jar;C:\Users\jnabil\.m2\repository\com\intuit\karate\karate-core\0.9.6\karate-core-0.9.6.jar;C:\Users\jnabil\.m2\repository\com\jayway\jsonpath\json-path\2.4.0\json-path-2.4.0.jar;C:\Users\jnabil\.m2\repository\net\minidev\json-smart\2.3\json-smart-2.3.jar;C:\Users\jnabil\.m2\repository\net\minidev\accessors-smart\1.2\accessors-smart-1.2.jar;C:\Users\jnabil\.m2\repository\org\ow2\asm\asm\5.0.4\asm-5.0.4.jar;C:\Users\jnabil\.m2\repository\info\cukes\cucumber-java\1.2.5\cucumber-java-1.2.5.jar;C:\Users\jnabil\.m2\repository\info\cukes\cucumber-core\1.2.5\cucumber-core-1.2.5.jar;C:\Users\jnabil\.m2\repository\org\yaml\snakeyaml\1.24\snakeyaml-1.24.jar;C:\Users\jnabil\.m2\repository\de\siegmar\fastcsv\1.0.3\fastcsv-1.0.3.jar;C:\Users\jnabil\.m2\repository\info\picocli\picocli\4.0.3\picocli-4.0.3.jar;C:\Users\jnabil\.m2\repository\org\apache\httpcomponents\httpclient\4.5.12\httpclient-4.5.12.jar;C:\Users\jnabil\.m2\repository\org\apache\httpcomponents\httpcore\4.4.13\httpcore-4.4.13.jar;C:\Users\jnabil\.m2\repository\commons-codec\commons-codec\1.11\commons-codec-1.11.jar;C:\Users\jnabil\.m2\repository\org\apache\httpcomponents\httpmime\4.5.12\httpmime-4.5.12.jar;C:\Users\jnabil\.m2\repository\org\slf4j\jcl-over-slf4j\1.7.25\jcl-over-slf4j-1.7.25.jar;C:\Users\jnabil\.m2\repository\org\slf4j\slf4j-api\1.7.25\slf4j-api-1.7.25.jar;C:\Users\jnabil\.m2\repository\ch\qos\logback\logback-classic\1.2.3\logback-classic-1.2.3.jar;C:\Users\jnabil\.m2\repository\ch\qos\logback\logback-core\1.2.3\logback-core-1.2.3.jar;C:\Users\jnabil\.m2\repository\com\intuit\karate\karate-junit5\0.9.6\karate-junit5-0.9.6.jar;C:\Users\jnabil\.m2\repository\org\junit\jupiter\junit-jupiter-api\5.5.0\junit-jupiter-api-5.5.0.jar;C:\Users\jnabil\.m2\repository\org\apiguardian\apiguardian-api\1.1.0\apiguardian-api-1.1.0.jar;C:\Users\jnabil\.m2\repository\org\opentest4j\opentest4j\1.2.0\opentest4j-1.2.0.jar;C:\Users\jnabil\.m2\repository\org\junit\platform\junit-platform-commons\1.5.0\junit-platform-commons-1.5.0.jar;C:\Users\jnabil\.m2\repository\org\junit\jupiter\junit-jupiter-engine\5.5.0\junit-jupiter-engine-5.5.0.jar;C:\Users\jnabil\.m2\repository\org\junit\platform\junit-platform-engine\1.5.0\junit-platform-engine-1.5.0.jar;"/>
    <property name="sun.cpu.endian" value="little"/>
    <property name="user.home" value="C:\Users\jnabil"/>
    <property name="user.language" value="en"/>
    <property name="java.specification.vendor" value="Oracle Corporation"/>
    <property name="java.version.date" value="2020-01-14"/>
    <property name="java.home" value="C:\Program Files\Java\jdk-13.0.2"/>
    <property name="file.separator" value="\"/>
    <property name="style.color" value="always"/>
    <property name="basedir" value="C:\Users\jnabil\eclipse-workspace\karate"/>
    <property name="java.vm.compressedOopsMode" value="Zero based"/>
    <property name="line.separator" value="&#10;"/>
    <property name="java.vm.specification.vendor" value="Oracle Corporation"/>
    <property name="java.specification.name" value="Java Platform API Specification"/>
    <property name="surefire.real.class.path" value="C:\Users\jnabil\AppData\Local\Temp\surefire897891545100273749\surefirebooter-20230726105844279_3.jar"/>
    <property name="user.script" value=""/>
    <property name="sun.management.compiler" value="HotSpot 64-Bit Tiered Compilers"/>
    <property name="java.runtime.version" value="13.0.2+8"/>
    <property name="user.name" value="jnabil"/>
    <property name="path.separator" value=";"/>
    <property name="os.version" value="10.0"/>
    <property name="java.runtime.name" value="Java(TM) SE Runtime Environment"/>
    <property name="file.encoding" value="UTF-8"/>
    <property name="java.vm.name" value="Java HotSpot(TM) 64-Bit Server VM"/>
    <property name="localRepository" value="C:\Users\jnabil\.m2\repository"/>
    <property name="java.vendor.url.bug" value="https://bugreport.java.com/bugreport/"/>
    <property name="java.io.tmpdir" value="C:\Users\jnabil\AppData\Local\Temp\"/>
    <property name="java.version" value="13.0.2"/>
    <property name="user.dir" value="C:\Users\jnabil\eclipse-workspace\karate"/>
    <property name="os.arch" value="amd64"/>
    <property name="java.vm.specification.name" value="Java Virtual Machine Specification"/>
    <property name="sun.os.patch.level" value=""/>
    <property name="java.library.path" value="C:\Program Files\Java\jdk-13.0.2\bin;C:\windows\Sun\Java\bin;C:\windows\system32;C:\windows;C:/JOHN/Karate/eclipse-jee-2023-06-R-win32-x86_64/eclipse//plugins/org.eclipse.justj.openjdk.hotspot.jre.full.win32.x86_64_17.0.7.v20230425-1502/jre/bin/server;C:/JOHN/Karate/eclipse-jee-2023-06-R-win32-x86_64/eclipse//plugins/org.eclipse.justj.openjdk.hotspot.jre.full.win32.x86_64_17.0.7.v20230425-1502/jre/bin;C:\Program Files\Common Files\Oracle\Java\javapath;C:\windows\system32;C:\windows;C:\windows\System32\Wbem;C:\windows\System32\WindowsPowerShell\v1.0\;C:\windows\System32\OpenSSH\;C:\Program Files\1E\Client\Extensibility\NomadBranch;C:\Program Files\Java\jdk-11\bin;C:\JOHN\Karate\apache-maven-3.9.3-bin\apache-maven-3.9.3\bin;C:\Users\jnabil\AppData\Local\Microsoft\WindowsApps;;C:\JOHN\Karate\eclipse-jee-2023-06-R-win32-x86_64\eclipse;;."/>
    <property name="java.vm.info" value="mixed mode, sharing"/>
    <property name="java.vendor" value="Oracle Corporation"/>
    <property name="java.vm.version" value="13.0.2+8"/>
    <property name="sun.io.unicode.encoding" value="UnicodeLittle"/>
    <property name="java.class.version" value="57.0"/>
  </properties>
  <testcase name="runTest" classname="com.api.automation.getrequest.TestGetRunner" time="0.96">
    <system-out><![CDATA[10:58:49.791 [main] INFO  com.intuit.karate - karate.env system property was:  
10:58:49.801 [main] DEBUG com.intuit.karate - request:
1 > GET https://dummy.restapiexample.com/api/v1/employees
1 > Accept: application/json
1 > Accept-Encoding: gzip,deflate
1 > Connection: Keep-Alive
1 > Host: dummy.restapiexample.com
1 > User-Agent: Apache-HttpClient/4.5.12 (Java/13.0.2)

10:58:50.698 [main] DEBUG com.intuit.karate - response time in milliseconds: 894.40
1 < 200
1 < Cache-Control: [no-cache, private, max-age=21600]
1 < Content-Type: application/json
1 < Date: Wed, 26 Jul 2023 08:58:50 GMT
1 < Expires: Wed, 26 Jul 2023 14:58:51 GMT
1 < Server: nginx/1.21.6
1 < Vary: Accept-Encoding
1 < X-Endurance-Cache-Level: 2
1 < X-Proxy-Cache: MISS
1 < X-RateLimit-Limit: 60
1 < X-RateLimit-Remaining: 58
1 < X-Server-Cache: true
1 < X-nginx-cache: WordPress
1 < host-header: c2hhcmVkLmJsdWVob3N0LmNvbQ==
{"status":"success","data":[{"id":1,"employee_name":"Tiger Nixon","employee_salary":320800,"employee_age":61,"profile_image":""},{"id":2,"employee_name":"Garrett Winters","employee_salary":170750,"employee_age":63,"profile_image":""},{"id":3,"employee_name":"Ashton Cox","employee_salary":86000,"employee_age":66,"profile_image":""},{"id":4,"employee_name":"Cedric Kelly","employee_salary":433060,"employee_age":22,"profile_image":""},{"id":5,"employee_name":"Airi Satou","employee_salary":162700,"employee_age":33,"profile_image":""},{"id":6,"employee_name":"Brielle Williamson","employee_salary":372000,"employee_age":61,"profile_image":""},{"id":7,"employee_name":"Herrod Chandler","employee_salary":137500,"employee_age":59,"profile_image":""},{"id":8,"employee_name":"Rhona Davidson","employee_salary":327900,"employee_age":55,"profile_image":""},{"id":9,"employee_name":"Colleen Hurst","employee_salary":205500,"employee_age":39,"profile_image":""},{"id":10,"employee_name":"Sonya Frost","employee_salary":103600,"employee_age":23,"profile_image":""},{"id":11,"employee_name":"Jena Gaines","employee_salary":90560,"employee_age":30,"profile_image":""},{"id":12,"employee_name":"Quinn Flynn","employee_salary":342000,"employee_age":22,"profile_image":""},{"id":13,"employee_name":"Charde Marshall","employee_salary":470600,"employee_age":36,"profile_image":""},{"id":14,"employee_name":"Haley Kennedy","employee_salary":313500,"employee_age":43,"profile_image":""},{"id":15,"employee_name":"Tatyana Fitzpatrick","employee_salary":385750,"employee_age":19,"profile_image":""},{"id":16,"employee_name":"Michael Silva","employee_salary":198500,"employee_age":66,"profile_image":""},{"id":17,"employee_name":"Paul Byrd","employee_salary":725000,"employee_age":64,"profile_image":""},{"id":18,"employee_name":"Gloria Little","employee_salary":237500,"employee_age":59,"profile_image":""},{"id":19,"employee_name":"Bradley Greer","employee_salary":132000,"employee_age":41,"profile_image":""},{"id":20,"employee_name":"Dai Rios","employee_salary":217500,"employee_age":35,"profile_image":""},{"id":21,"employee_name":"Jenette Caldwell","employee_salary":345000,"employee_age":30,"profile_image":""},{"id":22,"employee_name":"Yuri Berry","employee_salary":675000,"employee_age":40,"profile_image":""},{"id":23,"employee_name":"Caesar Vance","employee_salary":106450,"employee_age":21,"profile_image":""},{"id":24,"employee_name":"Doris Wilder","employee_salary":85600,"employee_age":23,"profile_image":""}],"message":"Successfully! All records has been fetched."}

10:58:50.701 [main] INFO  com.intuit.karate - [print] {
  "data": [
    {
      "profile_image": "",
      "employee_name": "Tiger Nixon",
      "employee_salary": 320800,
      "id": 1,
      "employee_age": 61
    },
    {
      "profile_image": "",
      "employee_name": "Garrett Winters",
      "employee_salary": 170750,
      "id": 2,
      "employee_age": 63
    },
    {
      "profile_image": "",
      "employee_name": "Ashton Cox",
      "employee_salary": 86000,
      "id": 3,
      "employee_age": 66
    },
    {
      "profile_image": "",
      "employee_name": "Cedric Kelly",
      "employee_salary": 433060,
      "id": 4,
      "employee_age": 22
    },
    {
      "profile_image": "",
      "employee_name": "Airi Satou",
      "employee_salary": 162700,
      "id": 5,
      "employee_age": 33
    },
    {
      "profile_image": "",
      "employee_name": "Brielle Williamson",
      "employee_salary": 372000,
      "id": 6,
      "employee_age": 61
    },
    {
      "profile_image": "",
      "employee_name": "Herrod Chandler",
      "employee_salary": 137500,
      "id": 7,
      "employee_age": 59
    },
    {
      "profile_image": "",
      "employee_name": "Rhona Davidson",
      "employee_salary": 327900,
      "id": 8,
      "employee_age": 55
    },
    {
      "profile_image": "",
      "employee_name": "Colleen Hurst",
      "employee_salary": 205500,
      "id": 9,
      "employee_age": 39
    },
    {
      "profile_image": "",
      "employee_name": "Sonya Frost",
      "employee_salary": 103600,
      "id": 10,
      "employee_age": 23
    },
    {
      "profile_image": "",
      "employee_name": "Jena Gaines",
      "employee_salary": 90560,
      "id": 11,
      "employee_age": 30
    },
    {
      "profile_image": "",
      "employee_name": "Quinn Flynn",
      "employee_salary": 342000,
      "id": 12,
      "employee_age": 22
    },
    {
      "profile_image": "",
      "employee_name": "Charde Marshall",
      "employee_salary": 470600,
      "id": 13,
      "employee_age": 36
    },
    {
      "profile_image": "",
      "employee_name": "Haley Kennedy",
      "employee_salary": 313500,
      "id": 14,
      "employee_age": 43
    },
    {
      "profile_image": "",
      "employee_name": "Tatyana Fitzpatrick",
      "employee_salary": 385750,
      "id": 15,
      "employee_age": 19
    },
    {
      "profile_image": "",
      "employee_name": "Michael Silva",
      "employee_salary": 198500,
      "id": 16,
      "employee_age": 66
    },
    {
      "profile_image": "",
      "employee_name": "Paul Byrd",
      "employee_salary": 725000,
      "id": 17,
      "employee_age": 64
    },
    {
      "profile_image": "",
      "employee_name": "Gloria Little",
      "employee_salary": 237500,
      "id": 18,
      "employee_age": 59
    },
    {
      "profile_image": "",
      "employee_name": "Bradley Greer",
      "employee_salary": 132000,
      "id": 19,
      "employee_age": 41
    },
    {
      "profile_image": "",
      "employee_name": "Dai Rios",
      "employee_salary": 217500,
      "id": 20,
      "employee_age": 35
    },
    {
      "profile_image": "",
      "employee_name": "Jenette Caldwell",
      "employee_salary": 345000,
      "id": 21,
      "employee_age": 30
    },
    {
      "profile_image": "",
      "employee_name": "Yuri Berry",
      "employee_salary": 675000,
      "id": 22,
      "employee_age": 40
    },
    {
      "profile_image": "",
      "employee_name": "Caesar Vance",
      "employee_salary": 106450,
      "id": 23,
      "employee_age": 21
    },
    {
      "profile_image": "",
      "employee_name": "Doris Wilder",
      "employee_salary": 85600,
      "id": 24,
      "employee_age": 23
    }
  ],
  "message": "Successfully! All records has been fetched.",
  "status": "success"
}

---------------------------------------------------------
feature: classpath:com/api/automation/getrequest/getRequest.feature
scenarios:  1 | passed:  1 | failed:  0 | time: 0.9191
---------------------------------------------------------
]]></system-out>
  </testcase>
</testsuite>