<?xml version="1.0" encoding="UTF-8"?>
<testsuite xmlns:xsi="http://www.w3.org/2001/XMLSchema-instance" xsi:noNamespaceSchemaLocation="https://maven.apache.org/surefire/maven-surefire-plugin/xsd/surefire-test-report-3.0.xsd" version="3.0" name="com.api.automation.deleterequest.TestDeleteRunner" time="3.171" tests="1" errors="0" skipped="0" failures="0">
  <properties>
    <property name="java.specification.version" value="13"/>
    <property name="sun.cpu.isalist" value="amd64"/>
    <property name="sun.jnu.encoding" value="Cp1252"/>
    <property name="java.class.path" value="C:\Users\jnabil\eclipse-workspace\karate\target\test-classes;C:\Users\jnabil\eclipse-workspace\karate\target\classes;C:\Users\jnabil\.m2\repository\com\intuit\karate\karate-apache\0.9.6\karate-apache-0.9.6.jar;C:\Users\jnabil\.m2\repository\com\intuit\karate\karate-core\0.9.6\karate-core-0.9.6.jar;C:\Users\jnabil\.m2\repository\com\jayway\jsonpath\json-path\2.4.0\json-path-2.4.0.jar;C:\Users\jnabil\.m2\repository\net\minidev\json-smart\2.3\json-smart-2.3.jar;C:\Users\jnabil\.m2\repository\net\minidev\accessors-smart\1.2\accessors-smart-1.2.jar;C:\Users\jnabil\.m2\repository\org\ow2\asm\asm\5.0.4\asm-5.0.4.jar;C:\Users\jnabil\.m2\repository\info\cukes\cucumber-java\1.2.5\cucumber-java-1.2.5.jar;C:\Users\jnabil\.m2\repository\info\cukes\cucumber-core\1.2.5\cucumber-core-1.2.5.jar;C:\Users\jnabil\.m2\repository\org\yaml\snakeyaml\1.24\snakeyaml-1.24.jar;C:\Users\jnabil\.m2\repository\de\siegmar\fastcsv\1.0.3\fastcsv-1.0.3.jar;C:\Users\jnabil\.m2\repository\info\picocli\picocli\4.0.3\picocli-4.0.3.jar;C:\Users\jnabil\.m2\repository\org\apache\httpcomponents\httpclient\4.5.12\httpclient-4.5.12.jar;C:\Users\jnabil\.m2\repository\org\apache\httpcomponents\httpcore\4.4.13\httpcore-4.4.13.jar;C:\Users\jnabil\.m2\repository\commons-codec\commons-codec\1.11\commons-codec-1.11.jar;C:\Users\jnabil\.m2\repository\org\apache\httpcomponents\httpmime\4.5.12\httpmime-4.5.12.jar;C:\Users\jnabil\.m2\repository\org\slf4j\jcl-over-slf4j\1.7.25\jcl-over-slf4j-1.7.25.jar;C:\Users\jnabil\.m2\repository\org\slf4j\slf4j-api\1.7.25\slf4j-api-1.7.25.jar;C:\Users\jnabil\.m2\repository\ch\qos\logback\logback-classic\1.2.3\logback-classic-1.2.3.jar;C:\Users\jnabil\.m2\repository\ch\qos\logback\logback-core\1.2.3\logback-core-1.2.3.jar;C:\Users\jnabil\.m2\repository\com\intuit\karate\karate-junit5\0.9.6\karate-junit5-0.9.6.jar;C:\Users\jnabil\.m2\repository\org\junit\jupiter\junit-jupiter-api\5.5.0\junit-jupiter-api-5.5.0.jar;C:\Users\jnabil\.m2\repository\org\apiguardian\apiguardian-api\1.1.0\apiguardian-api-1.1.0.jar;C:\Users\jnabil\.m2\repository\org\opentest4j\opentest4j\1.2.0\opentest4j-1.2.0.jar;C:\Users\jnabil\.m2\repository\org\junit\platform\junit-platform-commons\1.5.0\junit-platform-commons-1.5.0.jar;C:\Users\jnabil\.m2\repository\org\junit\jupiter\junit-jupiter-engine\5.5.0\junit-jupiter-engine-5.5.0.jar;C:\Users\jnabil\.m2\repository\org\junit\platform\junit-platform-engine\1.5.0\junit-platform-engine-1.5.0.jar;"/>
    <property name="java.vm.vendor" value="Oracle Corporation"/>
    <property name="sun.arch.data.model" value="64"/>
    <property name="user.variant" value=""/>
    <property name="java.vendor.url" value="https://java.oracle.com/"/>
    <property name="user.timezone" value="Africa/Cairo"/>
    <property name="os.name" value="Windows 10"/>
    <property name="java.vm.specification.version" value="13"/>
    <property name="sun.java.launcher" value="SUN_STANDARD"/>
    <property name="user.country" value="US"/>
    <property name="sun.boot.library.path" value="C:\Program Files\Java\jdk-13.0.2\bin"/>
    <property name="sun.java.command" value="C:\Users\jnabil\AppData\Local\Temp\surefire897891545100273749\surefirebooter-20230726105844279_3.jar C:\Users\jnabil\AppData\Local\Temp\surefire897891545100273749 2023-07-26T10-58-40_485-jvmRun1 surefire-20230726105844279_1tmp surefire_0-20230726105844279_2tmp"/>
    <property name="jdk.debug" value="release"/>
    <property name="surefire.test.class.path" value="C:\Users\jnabil\eclipse-workspace\karate\target\test-classes;C:\Users\jnabil\eclipse-workspace\karate\target\classes;C:\Users\jnabil\.m2\repository\com\intuit\karate\karate-apache\0.9.6\karate-apache-0.9.6.jar;C:\Users\jnabil\.m2\repository\com\intuit\karate\karate-core\0.9.6\karate-core-0.9.6.jar;C:\Users\jnabil\.m2\repository\com\jayway\jsonpath\json-path\2.4.0\json-path-2.4.0.jar;C:\Users\jnabil\.m2\repository\net\minidev\json-smart\2.3\json-smart-2.3.jar;C:\Users\jnabil\.m2\repository\net\minidev\accessors-smart\1.2\accessors-smart-1.2.jar;C:\Users\jnabil\.m2\repository\org\ow2\asm\asm\5.0.4\asm-5.0.4.jar;C:\Users\jnabil\.m2\repository\info\cukes\cucumber-java\1.2.5\cucumber-java-1.2.5.jar;C:\Users\jnabil\.m2\repository\info\cukes\cucumber-core\1.2.5\cucumber-core-1.2.5.jar;C:\Users\jnabil\.m2\repository\org\yaml\snakeyaml\1.24\snakeyaml-1.24.jar;C:\Users\jnabil\.m2\repository\de\siegmar\fastcsv\1.0.3\fastcsv-1.0.3.jar;C:\Users\jnabil\.m2\repository\info\picocli\picocli\4.0.3\picocli-4.0.3.jar;C:\Users\jnabil\.m2\repository\org\apache\httpcomponents\httpclient\4.5.12\httpclient-4.5.12.jar;C:\Users\jnabil\.m2\repository\org\apache\httpcomponents\httpcore\4.4.13\httpcore-4.4.13.jar;C:\Users\jnabil\.m2\repository\commons-codec\commons-codec\1.11\commons-codec-1.11.jar;C:\Users\jnabil\.m2\repository\org\apache\httpcomponents\httpmime\4.5.12\httpmime-4.5.12.jar;C:\Users\jnabil\.m2\repository\org\slf4j\jcl-over-slf4j\1.7.25\jcl-over-slf4j-1.7.25.jar;C:\Users\jnabil\.m2\repository\org\slf4j\slf4j-api\1.7.25\slf4j-api-1.7.25.jar;C:\Users\jnabil\.m2\repository\ch\qos\logback\logback-classic\1.2.3\logback-classic-1.2.3.jar;C:\Users\jnabil\.m2\repository\ch\qos\logback\logback-core\1.2.3\logback-core-1.2.3.jar;C:\Users\jnabil\.m2\repository\com\intuit\karate\karate-junit5\0.9.6\karate-junit5-0.9.6.jar;C:\Users\jnabil\.m2\repository\org\junit\jupiter\junit-jupiter-api\5.5.0\junit-jupiter-api-5.5.0.jar;C:\Users\jnabil\.m2\repository\org\apiguardian\apiguardian-api\1.1.0\apiguardian-api-1.1.0.jar;C:\Users\jnabil\.m2\repository\org\opentest4j\opentest4j\1.2.0\opentest4j-1.2.0.jar;C:\Users\jnabil\.m2\repository\org\junit\platform\junit-platform-commons\1.5.0\junit-platform-commons-1.5.0.jar;C:\Users\jnabil\.m2\repository\org\junit\jupiter\junit-jupiter-engine\5.5.0\junit-jupiter-engine-5.5.0.jar;C:\Users\jnabil\.m2\repository\org\junit\platform\junit-platform-engine\1.5.0\junit-platform-engine-1.5.0.jar;"/>
    <property name="sun.cpu.endian" value="little"/>
    <property name="user.home" value="C:\Users\jnabil"/>
    <property name="user.language" value="en"/>
    <property name="java.specification.vendor" value="Oracle Corporation"/>
    <property name="java.version.date" value="2020-01-14"/>
    <property name="java.home" value="C:\Program Files\Java\jdk-13.0.2"/>
    <property name="file.separator" value="\"/>
    <property name="style.color" value="always"/>
    <property name="basedir" value="C:\Users\jnabil\eclipse-workspace\karate"/>
    <property name="java.vm.compressedOopsMode" value="Zero based"/>
    <property name="line.separator" value="&#10;"/>
    <property name="java.vm.specification.vendor" value="Oracle Corporation"/>
    <property name="java.specification.name" value="Java Platform API Specification"/>
    <property name="surefire.real.class.path" value="C:\Users\jnabil\AppData\Local\Temp\surefire897891545100273749\surefirebooter-20230726105844279_3.jar"/>
    <property name="user.script" value=""/>
    <property name="sun.management.compiler" value="HotSpot 64-Bit Tiered Compilers"/>
    <property name="java.runtime.version" value="13.0.2+8"/>
    <property name="user.name" value="jnabil"/>
    <property name="path.separator" value=";"/>
    <property name="os.version" value="10.0"/>
    <property name="java.runtime.name" value="Java(TM) SE Runtime Environment"/>
    <property name="file.encoding" value="UTF-8"/>
    <property name="java.vm.name" value="Java HotSpot(TM) 64-Bit Server VM"/>
    <property name="localRepository" value="C:\Users\jnabil\.m2\repository"/>
    <property name="java.vendor.url.bug" value="https://bugreport.java.com/bugreport/"/>
    <property name="java.io.tmpdir" value="C:\Users\jnabil\AppData\Local\Temp\"/>
    <property name="java.version" value="13.0.2"/>
    <property name="user.dir" value="C:\Users\jnabil\eclipse-workspace\karate"/>
    <property name="os.arch" value="amd64"/>
    <property name="java.vm.specification.name" value="Java Virtual Machine Specification"/>
    <property name="sun.os.patch.level" value=""/>
    <property name="java.library.path" value="C:\Program Files\Java\jdk-13.0.2\bin;C:\windows\Sun\Java\bin;C:\windows\system32;C:\windows;C:/JOHN/Karate/eclipse-jee-2023-06-R-win32-x86_64/eclipse//plugins/org.eclipse.justj.openjdk.hotspot.jre.full.win32.x86_64_17.0.7.v20230425-1502/jre/bin/server;C:/JOHN/Karate/eclipse-jee-2023-06-R-win32-x86_64/eclipse//plugins/org.eclipse.justj.openjdk.hotspot.jre.full.win32.x86_64_17.0.7.v20230425-1502/jre/bin;C:\Program Files\Common Files\Oracle\Java\javapath;C:\windows\system32;C:\windows;C:\windows\System32\Wbem;C:\windows\System32\WindowsPowerShell\v1.0\;C:\windows\System32\OpenSSH\;C:\Program Files\1E\Client\Extensibility\NomadBranch;C:\Program Files\Java\jdk-11\bin;C:\JOHN\Karate\apache-maven-3.9.3-bin\apache-maven-3.9.3\bin;C:\Users\jnabil\AppData\Local\Microsoft\WindowsApps;;C:\JOHN\Karate\eclipse-jee-2023-06-R-win32-x86_64\eclipse;;."/>
    <property name="java.vm.info" value="mixed mode, sharing"/>
    <property name="java.vendor" value="Oracle Corporation"/>
    <property name="java.vm.version" value="13.0.2+8"/>
    <property name="sun.io.unicode.encoding" value="UnicodeLittle"/>
    <property name="java.class.version" value="57.0"/>
  </properties>
  <testcase name="runTest" classname="com.api.automation.deleterequest.TestDeleteRunner" time="2.516">
    <system-out><![CDATA[10:58:46.238 [main] INFO  com.intuit.karate - karate.env system property was:  
10:58:46.346 [main] INFO  com.intuit.karate - [print] Helper ==> https://jsonplaceholder.typicode.com
10:58:46.349 [main] INFO  com.intuit.karate - [print] Helper ==> /posts
10:58:46.351 [main] INFO  com.intuit.karate - [print] Helper ==> 89
10:58:46.915 [main] DEBUG com.intuit.karate - request:
1 > POST https://jsonplaceholder.typicode.com/posts
1 > Accept: application/json
1 > Accept-Encoding: gzip,deflate
1 > Connection: Keep-Alive
1 > Content-Length: 122
1 > Content-Type: application/json; charset=UTF-8
1 > Host: jsonplaceholder.typicode.com
1 > User-Agent: Apache-HttpClient/4.5.12 (Java/13.0.2)
{"userId":89,"id":102,"title":"sunt aut facere repellat provident occaecati excepturi optio reprehenderit","body":"Fifty"}

10:58:47.537 [main] DEBUG com.intuit.karate - response time in milliseconds: 619.71
1 < 201
1 < Access-Control-Allow-Credentials: true
1 < Access-Control-Expose-Headers: Location
1 < CF-Cache-Status: DYNAMIC
1 < CF-RAY: 7ecb71644cd7184a-MRS
1 < Cache-Control: no-cache
1 < Connection: keep-alive
1 < Content-Length: 139
1 < Content-Type: application/json; charset=utf-8
1 < Date: Wed, 26 Jul 2023 08:58:48 GMT
1 < Etag: W/"8b-kGeTHaz2kjzOGFyH/kPF53vC4LI"
1 < Expires: -1
1 < Location: http://jsonplaceholder.typicode.com/posts/101
1 < NEL: {"success_fraction":0,"report_to":"cf-nel","max_age":604800}
1 < Pragma: no-cache
1 < Report-To: {"endpoints":[{"url":"https:\/\/a.nel.cloudflare.com\/report\/v3?s=VryBSOl6Aipi7nqjJC0Q%2FnF9wGQXKtreLgQyJs%2ByDxYuz%2BvvzB2ixfOeLv1eG261CutMMU%2BhIZ5t3s2E63UGjYLh74UqPOoRPVMGHt3rYspJAupWSAPrCbOwqFLyGD0oI1LsQo7fL3h2UHfadZ7N"}],"group":"cf-nel","max_age":604800}
1 < Server: cloudflare
1 < Vary: Origin, X-HTTP-Method-Override, Accept-Encoding
1 < Via: 1.1 vegur
1 < X-Content-Type-Options: nosniff
1 < X-Powered-By: Express
1 < X-Ratelimit-Limit: 1000
1 < X-Ratelimit-Remaining: 999
1 < X-Ratelimit-Reset: 1690361964
1 < alt-svc: h3=":443"; ma=86400
{
  "userId": 89,
  "id": 101,
  "title": "sunt aut facere repellat provident occaecati excepturi optio reprehenderit",
  "body": "Fifty"
}

10:58:47.545 [main] DEBUG com.intuit.karate - request:
1 > DELETE https://jsonplaceholder.typicode.com/posts/89
1 > Accept-Encoding: gzip,deflate
1 > Connection: Keep-Alive
1 > Host: jsonplaceholder.typicode.com
1 > User-Agent: Apache-HttpClient/4.5.12 (Java/13.0.2)

10:58:48.008 [main] DEBUG com.intuit.karate - response time in milliseconds: 461.77
1 < 200
1 < Access-Control-Allow-Credentials: true
1 < CF-Cache-Status: DYNAMIC
1 < CF-RAY: 7ecb71673e800c4b-MRS
1 < Cache-Control: no-cache
1 < Connection: keep-alive
1 < Content-Length: 2
1 < Content-Type: application/json; charset=utf-8
1 < Date: Wed, 26 Jul 2023 08:58:49 GMT
1 < Etag: W/"2-vyGp6PvFo4RvsFtPoIWeCReyIC8"
1 < Expires: -1
1 < NEL: {"success_fraction":0,"report_to":"cf-nel","max_age":604800}
1 < Pragma: no-cache
1 < Report-To: {"endpoints":[{"url":"https:\/\/a.nel.cloudflare.com\/report\/v3?s=NFQIE0Qj6o88AuSLJRo71KmxsZJ6FQlpZmNjU6VU5vNSi5KAjxlu5u%2Fazx8GGxe2Y418JdQF%2FygHep8e0dh%2FYpCZpHldVRnEpBHccC1lgMFEjnXFzR%2BR9dAgck5UBxul4tOt%2BnGrNbViLq6m8xTZ"}],"group":"cf-nel","max_age":604800}
1 < Server: cloudflare
1 < Vary: Origin, Accept-Encoding
1 < Via: 1.1 vegur
1 < X-Content-Type-Options: nosniff
1 < X-Powered-By: Express
1 < X-Ratelimit-Limit: 1000
1 < X-Ratelimit-Remaining: 998
1 < X-Ratelimit-Reset: 1690361964
1 < alt-svc: h3=":443"; ma=86400
{}

10:58:48.015 [main] DEBUG com.intuit.karate - request:
2 > GET https://jsonplaceholder.typicode.com/posts89
2 > Accept-Encoding: gzip,deflate
2 > Connection: Keep-Alive
2 > Host: jsonplaceholder.typicode.com
2 > User-Agent: Apache-HttpClient/4.5.12 (Java/13.0.2)

10:58:48.519 [main] DEBUG com.intuit.karate - response time in milliseconds: 502.79
2 < 404
2 < Access-Control-Allow-Credentials: true
2 < CF-Cache-Status: MISS
2 < CF-RAY: 7ecb716a190641b9-MRS
2 < Cache-Control: max-age=43200
2 < Connection: keep-alive
2 < Content-Length: 2
2 < Content-Type: application/json; charset=utf-8
2 < Date: Wed, 26 Jul 2023 08:58:49 GMT
2 < Etag: W/"2-vyGp6PvFo4RvsFtPoIWeCReyIC8"
2 < Expires: -1
2 < NEL: {"success_fraction":0,"report_to":"cf-nel","max_age":604800}
2 < Pragma: no-cache
2 < Report-To: {"endpoints":[{"url":"https:\/\/a.nel.cloudflare.com\/report\/v3?s=xNWurNNOOCyW9RqgLi%2FTEiLIxpzzccDRsKKHvrkiuy%2BV13zbYLia2kjCsUHB74QWd4xlLm4jz%2Fpih0ddRBVUXcTmvxDlkxZ%2FDCt7M7MsH0pWBAfToUvKnLUkScEeFVJPMPKZITx4Ee2EhXuDXvIT"}],"group":"cf-nel","max_age":604800}
2 < Server: cloudflare
2 < Vary: Origin, Accept-Encoding
2 < Via: 1.1 vegur
2 < X-Content-Type-Options: nosniff
2 < X-Powered-By: Express
2 < X-Ratelimit-Limit: 1000
2 < X-Ratelimit-Remaining: 997
2 < X-Ratelimit-Reset: 1690361964
2 < alt-svc: h3=":443"; ma=86400
{}

---------------------------------------------------------
feature: classpath:com/api/automation/deleterequest/deleteUserEntry.feature
scenarios:  1 | passed:  1 | failed:  0 | time: 2.2339
---------------------------------------------------------
]]></system-out>
    <system-err><![CDATA[Warning: Nashorn engine is planned to be removed from a future JDK release
]]></system-err>
  </testcase>
</testsuite>