<?xml version="1.0" encoding="UTF-8"?>
<testsuite xmlns:xsi="http://www.w3.org/2001/XMLSchema-instance" xsi:noNamespaceSchemaLocation="https://maven.apache.org/surefire/maven-surefire-plugin/xsd/surefire-test-report-3.0.xsd" version="3.0" name="com.api.automation.putrequest.TestPutnRunner" time="3.862" tests="4" errors="0" skipped="0" failures="0">
  <properties>
    <property name="java.specification.version" value="13"/>
    <property name="sun.cpu.isalist" value="amd64"/>
    <property name="sun.jnu.encoding" value="Cp1252"/>
    <property name="java.class.path" value="C:\Users\jnabil\eclipse-workspace\karate\target\test-classes;C:\Users\jnabil\eclipse-workspace\karate\target\classes;C:\Users\jnabil\.m2\repository\com\intuit\karate\karate-apache\0.9.6\karate-apache-0.9.6.jar;C:\Users\jnabil\.m2\repository\com\intuit\karate\karate-core\0.9.6\karate-core-0.9.6.jar;C:\Users\jnabil\.m2\repository\com\jayway\jsonpath\json-path\2.4.0\json-path-2.4.0.jar;C:\Users\jnabil\.m2\repository\net\minidev\json-smart\2.3\json-smart-2.3.jar;C:\Users\jnabil\.m2\repository\net\minidev\accessors-smart\1.2\accessors-smart-1.2.jar;C:\Users\jnabil\.m2\repository\org\ow2\asm\asm\5.0.4\asm-5.0.4.jar;C:\Users\jnabil\.m2\repository\info\cukes\cucumber-java\1.2.5\cucumber-java-1.2.5.jar;C:\Users\jnabil\.m2\repository\info\cukes\cucumber-core\1.2.5\cucumber-core-1.2.5.jar;C:\Users\jnabil\.m2\repository\org\yaml\snakeyaml\1.24\snakeyaml-1.24.jar;C:\Users\jnabil\.m2\repository\de\siegmar\fastcsv\1.0.3\fastcsv-1.0.3.jar;C:\Users\jnabil\.m2\repository\info\picocli\picocli\4.0.3\picocli-4.0.3.jar;C:\Users\jnabil\.m2\repository\org\apache\httpcomponents\httpclient\4.5.12\httpclient-4.5.12.jar;C:\Users\jnabil\.m2\repository\org\apache\httpcomponents\httpcore\4.4.13\httpcore-4.4.13.jar;C:\Users\jnabil\.m2\repository\commons-codec\commons-codec\1.11\commons-codec-1.11.jar;C:\Users\jnabil\.m2\repository\org\apache\httpcomponents\httpmime\4.5.12\httpmime-4.5.12.jar;C:\Users\jnabil\.m2\repository\org\slf4j\jcl-over-slf4j\1.7.25\jcl-over-slf4j-1.7.25.jar;C:\Users\jnabil\.m2\repository\org\slf4j\slf4j-api\1.7.25\slf4j-api-1.7.25.jar;C:\Users\jnabil\.m2\repository\ch\qos\logback\logback-classic\1.2.3\logback-classic-1.2.3.jar;C:\Users\jnabil\.m2\repository\ch\qos\logback\logback-core\1.2.3\logback-core-1.2.3.jar;C:\Users\jnabil\.m2\repository\com\intuit\karate\karate-junit5\0.9.6\karate-junit5-0.9.6.jar;C:\Users\jnabil\.m2\repository\org\junit\jupiter\junit-jupiter-api\5.5.0\junit-jupiter-api-5.5.0.jar;C:\Users\jnabil\.m2\repository\org\apiguardian\apiguardian-api\1.1.0\apiguardian-api-1.1.0.jar;C:\Users\jnabil\.m2\repository\org\opentest4j\opentest4j\1.2.0\opentest4j-1.2.0.jar;C:\Users\jnabil\.m2\repository\org\junit\platform\junit-platform-commons\1.5.0\junit-platform-commons-1.5.0.jar;C:\Users\jnabil\.m2\repository\org\junit\jupiter\junit-jupiter-engine\5.5.0\junit-jupiter-engine-5.5.0.jar;C:\Users\jnabil\.m2\repository\org\junit\platform\junit-platform-engine\1.5.0\junit-platform-engine-1.5.0.jar;"/>
    <property name="java.vm.vendor" value="Oracle Corporation"/>
    <property name="sun.arch.data.model" value="64"/>
    <property name="user.variant" value=""/>
    <property name="java.vendor.url" value="https://java.oracle.com/"/>
    <property name="user.timezone" value="Africa/Cairo"/>
    <property name="os.name" value="Windows 10"/>
    <property name="java.vm.specification.version" value="13"/>
    <property name="sun.java.launcher" value="SUN_STANDARD"/>
    <property name="user.country" value="US"/>
    <property name="sun.boot.library.path" value="C:\Program Files\Java\jdk-13.0.2\bin"/>
    <property name="sun.java.command" value="C:\Users\jnabil\AppData\Local\Temp\surefire897891545100273749\surefirebooter-20230726105844279_3.jar C:\Users\jnabil\AppData\Local\Temp\surefire897891545100273749 2023-07-26T10-58-40_485-jvmRun1 surefire-20230726105844279_1tmp surefire_0-20230726105844279_2tmp"/>
    <property name="jdk.debug" value="release"/>
    <property name="surefire.test.class.path" value="C:\Users\jnabil\eclipse-workspace\karate\target\test-classes;C:\Users\jnabil\eclipse-workspace\karate\target\classes;C:\Users\jnabil\.m2\repository\com\intuit\karate\karate-apache\0.9.6\karate-apache-0.9.6.jar;C:\Users\jnabil\.m2\repository\com\intuit\karate\karate-core\0.9.6\karate-core-0.9.6.jar;C:\Users\jnabil\.m2\repository\com\jayway\jsonpath\json-path\2.4.0\json-path-2.4.0.jar;C:\Users\jnabil\.m2\repository\net\minidev\json-smart\2.3\json-smart-2.3.jar;C:\Users\jnabil\.m2\repository\net\minidev\accessors-smart\1.2\accessors-smart-1.2.jar;C:\Users\jnabil\.m2\repository\org\ow2\asm\asm\5.0.4\asm-5.0.4.jar;C:\Users\jnabil\.m2\repository\info\cukes\cucumber-java\1.2.5\cucumber-java-1.2.5.jar;C:\Users\jnabil\.m2\repository\info\cukes\cucumber-core\1.2.5\cucumber-core-1.2.5.jar;C:\Users\jnabil\.m2\repository\org\yaml\snakeyaml\1.24\snakeyaml-1.24.jar;C:\Users\jnabil\.m2\repository\de\siegmar\fastcsv\1.0.3\fastcsv-1.0.3.jar;C:\Users\jnabil\.m2\repository\info\picocli\picocli\4.0.3\picocli-4.0.3.jar;C:\Users\jnabil\.m2\repository\org\apache\httpcomponents\httpclient\4.5.12\httpclient-4.5.12.jar;C:\Users\jnabil\.m2\repository\org\apache\httpcomponents\httpcore\4.4.13\httpcore-4.4.13.jar;C:\Users\jnabil\.m2\repository\commons-codec\commons-codec\1.11\commons-codec-1.11.jar;C:\Users\jnabil\.m2\repository\org\apache\httpcomponents\httpmime\4.5.12\httpmime-4.5.12.jar;C:\Users\jnabil\.m2\repository\org\slf4j\jcl-over-slf4j\1.7.25\jcl-over-slf4j-1.7.25.jar;C:\Users\jnabil\.m2\repository\org\slf4j\slf4j-api\1.7.25\slf4j-api-1.7.25.jar;C:\Users\jnabil\.m2\repository\ch\qos\logback\logback-classic\1.2.3\logback-classic-1.2.3.jar;C:\Users\jnabil\.m2\repository\ch\qos\logback\logback-core\1.2.3\logback-core-1.2.3.jar;C:\Users\jnabil\.m2\repository\com\intuit\karate\karate-junit5\0.9.6\karate-junit5-0.9.6.jar;C:\Users\jnabil\.m2\repository\org\junit\jupiter\junit-jupiter-api\5.5.0\junit-jupiter-api-5.5.0.jar;C:\Users\jnabil\.m2\repository\org\apiguardian\apiguardian-api\1.1.0\apiguardian-api-1.1.0.jar;C:\Users\jnabil\.m2\repository\org\opentest4j\opentest4j\1.2.0\opentest4j-1.2.0.jar;C:\Users\jnabil\.m2\repository\org\junit\platform\junit-platform-commons\1.5.0\junit-platform-commons-1.5.0.jar;C:\Users\jnabil\.m2\repository\org\junit\jupiter\junit-jupiter-engine\5.5.0\junit-jupiter-engine-5.5.0.jar;C:\Users\jnabil\.m2\repository\org\junit\platform\junit-platform-engine\1.5.0\junit-platform-engine-1.5.0.jar;"/>
    <property name="sun.cpu.endian" value="little"/>
    <property name="user.home" value="C:\Users\jnabil"/>
    <property name="user.language" value="en"/>
    <property name="java.specification.vendor" value="Oracle Corporation"/>
    <property name="java.version.date" value="2020-01-14"/>
    <property name="java.home" value="C:\Program Files\Java\jdk-13.0.2"/>
    <property name="file.separator" value="\"/>
    <property name="style.color" value="always"/>
    <property name="basedir" value="C:\Users\jnabil\eclipse-workspace\karate"/>
    <property name="java.vm.compressedOopsMode" value="Zero based"/>
    <property name="line.separator" value="&#10;"/>
    <property name="java.vm.specification.vendor" value="Oracle Corporation"/>
    <property name="java.specification.name" value="Java Platform API Specification"/>
    <property name="surefire.real.class.path" value="C:\Users\jnabil\AppData\Local\Temp\surefire897891545100273749\surefirebooter-20230726105844279_3.jar"/>
    <property name="user.script" value=""/>
    <property name="sun.management.compiler" value="HotSpot 64-Bit Tiered Compilers"/>
    <property name="java.runtime.version" value="13.0.2+8"/>
    <property name="user.name" value="jnabil"/>
    <property name="path.separator" value=";"/>
    <property name="os.version" value="10.0"/>
    <property name="java.runtime.name" value="Java(TM) SE Runtime Environment"/>
    <property name="file.encoding" value="UTF-8"/>
    <property name="java.vm.name" value="Java HotSpot(TM) 64-Bit Server VM"/>
    <property name="localRepository" value="C:\Users\jnabil\.m2\repository"/>
    <property name="java.vendor.url.bug" value="https://bugreport.java.com/bugreport/"/>
    <property name="java.io.tmpdir" value="C:\Users\jnabil\AppData\Local\Temp\"/>
    <property name="java.version" value="13.0.2"/>
    <property name="user.dir" value="C:\Users\jnabil\eclipse-workspace\karate"/>
    <property name="os.arch" value="amd64"/>
    <property name="java.vm.specification.name" value="Java Virtual Machine Specification"/>
    <property name="sun.os.patch.level" value=""/>
    <property name="java.library.path" value="C:\Program Files\Java\jdk-13.0.2\bin;C:\windows\Sun\Java\bin;C:\windows\system32;C:\windows;C:/JOHN/Karate/eclipse-jee-2023-06-R-win32-x86_64/eclipse//plugins/org.eclipse.justj.openjdk.hotspot.jre.full.win32.x86_64_17.0.7.v20230425-1502/jre/bin/server;C:/JOHN/Karate/eclipse-jee-2023-06-R-win32-x86_64/eclipse//plugins/org.eclipse.justj.openjdk.hotspot.jre.full.win32.x86_64_17.0.7.v20230425-1502/jre/bin;C:\Program Files\Common Files\Oracle\Java\javapath;C:\windows\system32;C:\windows;C:\windows\System32\Wbem;C:\windows\System32\WindowsPowerShell\v1.0\;C:\windows\System32\OpenSSH\;C:\Program Files\1E\Client\Extensibility\NomadBranch;C:\Program Files\Java\jdk-11\bin;C:\JOHN\Karate\apache-maven-3.9.3-bin\apache-maven-3.9.3\bin;C:\Users\jnabil\AppData\Local\Microsoft\WindowsApps;;C:\JOHN\Karate\eclipse-jee-2023-06-R-win32-x86_64\eclipse;;."/>
    <property name="java.vm.info" value="mixed mode, sharing"/>
    <property name="java.vendor" value="Oracle Corporation"/>
    <property name="java.vm.version" value="13.0.2+8"/>
    <property name="sun.io.unicode.encoding" value="UnicodeLittle"/>
    <property name="java.class.version" value="57.0"/>
  </properties>
  <testcase name="runTest" classname="com.api.automation.putrequest.TestPutnRunner" time="0.903">
    <system-out><![CDATA[10:58:52.962 [main] INFO  com.intuit.karate - karate.env system property was:  
10:58:52.974 [main] DEBUG com.intuit.karate - request:
1 > POST https://jsonplaceholder.typicode.com/posts
1 > Accept: application/json
1 > Accept-Encoding: gzip,deflate
1 > Connection: Keep-Alive
1 > Content-Length: 122
1 > Content-Type: application/json; charset=UTF-8
1 > Host: jsonplaceholder.typicode.com
1 > User-Agent: Apache-HttpClient/4.5.12 (Java/13.0.2)
{"userId":12,"id":102,"title":"sunt aut facere repellat provident occaecati excepturi optio reprehenderit","body":"Fifty"}

10:58:53.413 [main] DEBUG com.intuit.karate - response time in milliseconds: 438.63
1 < 201
1 < Access-Control-Allow-Credentials: true
1 < Access-Control-Expose-Headers: Location
1 < CF-Cache-Status: DYNAMIC
1 < CF-RAY: 7ecb7189189811b1-MRS
1 < Cache-Control: no-cache
1 < Connection: keep-alive
1 < Content-Length: 139
1 < Content-Type: application/json; charset=utf-8
1 < Date: Wed, 26 Jul 2023 08:58:54 GMT
1 < Etag: W/"8b-qdxIzTbvN2FRkNo5h0HIgw6NVgA"
1 < Expires: -1
1 < Location: http://jsonplaceholder.typicode.com/posts/101
1 < NEL: {"success_fraction":0,"report_to":"cf-nel","max_age":604800}
1 < Pragma: no-cache
1 < Report-To: {"endpoints":[{"url":"https:\/\/a.nel.cloudflare.com\/report\/v3?s=LT2ide3Lf82gA57KzHUrWlK%2Bws87i9NBEsO6exY4BbMywMRJ1blB%2BQRe%2BKs6aGKFTQDl00tv2DoHBvXwKACDrMQiBK96Y5O9t%2BaDx5kFZ7ltaBSa9o29a1I5wObDUFAZIhc5pmo%2BWMl8n2abxmZv"}],"group":"cf-nel","max_age":604800}
1 < Server: cloudflare
1 < Vary: Origin, X-HTTP-Method-Override, Accept-Encoding
1 < Via: 1.1 vegur
1 < X-Content-Type-Options: nosniff
1 < X-Powered-By: Express
1 < X-Ratelimit-Limit: 1000
1 < X-Ratelimit-Remaining: 992
1 < X-Ratelimit-Reset: 1690361964
1 < alt-svc: h3=":443"; ma=86400
{
  "userId": 12,
  "id": 101,
  "title": "sunt aut facere repellat provident occaecati excepturi optio reprehenderit",
  "body": "Fifty"
}

10:58:53.416 [main] DEBUG com.intuit.karate - request:
2 > PUT https://jsonplaceholder.typicode.com/posts/1
2 > Accept: application/json
2 > Accept-Encoding: gzip,deflate
2 > Connection: Keep-Alive
2 > Content-Length: 122
2 > Content-Type: application/json; charset=UTF-8
2 > Host: jsonplaceholder.typicode.com
2 > User-Agent: Apache-HttpClient/4.5.12 (Java/13.0.2)
{"userId":1,"id":1,"title":"sunt aut facere repellat provident occaecati excepturi optio reprehenderit","body":"one word"}

10:58:53.858 [main] DEBUG com.intuit.karate - response time in milliseconds: 441.26
2 < 200
2 < Access-Control-Allow-Credentials: true
2 < CF-Cache-Status: DYNAMIC
2 < CF-RAY: 7ecb718bd87e0da1-MRS
2 < Cache-Control: no-cache
2 < Connection: keep-alive
2 < Content-Type: application/json; charset=utf-8
2 < Date: Wed, 26 Jul 2023 08:58:54 GMT
2 < Etag: W/"8b-CvoRSmVCVGGRGIZAIG1xQpZMff0"
2 < Expires: -1
2 < NEL: {"success_fraction":0,"report_to":"cf-nel","max_age":604800}
2 < Pragma: no-cache
2 < Report-To: {"endpoints":[{"url":"https:\/\/a.nel.cloudflare.com\/report\/v3?s=Z9WIHNRopdg5HjsTZtg9VTKrL7xwRUuJTxBijdQSLO0EshKt1axumUQix%2FYAvpt%2BN%2FGFjWYMpioIXFLy6Af%2F5OsQZTmoCZDY1BaTsQ78%2FgiJ1z7qflghqNthrISx%2F7A87qGNleR2vCKe13OxFj4m"}],"group":"cf-nel","max_age":604800}
2 < Server: cloudflare
2 < Transfer-Encoding: chunked
2 < Vary: Origin, Accept-Encoding
2 < Via: 1.1 vegur
2 < X-Content-Type-Options: nosniff
2 < X-Powered-By: Express
2 < X-Ratelimit-Limit: 1000
2 < X-Ratelimit-Remaining: 991
2 < X-Ratelimit-Reset: 1690361964
2 < alt-svc: h3=":443"; ma=86400
{
  "userId": 1,
  "id": 1,
  "title": "sunt aut facere repellat provident occaecati excepturi optio reprehenderit",
  "body": "one word"
}

]]></system-out>
  </testcase>
  <testcase name="runTest" classname="com.api.automation.putrequest.TestPutnRunner" time="0.938">
    <system-out><![CDATA[10:58:53.873 [main] INFO  com.intuit.karate - karate.env system property was:  
10:58:53.898 [main] DEBUG com.intuit.karate - request:
1 > POST https://jsonplaceholder.typicode.com/posts
1 > Accept: application/json
1 > Accept-Encoding: gzip,deflate
1 > Connection: Keep-Alive
1 > Content-Length: 122
1 > Content-Type: application/json; charset=UTF-8
1 > Host: jsonplaceholder.typicode.com
1 > User-Agent: Apache-HttpClient/4.5.12 (Java/13.0.2)
{"userId":31,"id":102,"title":"sunt aut facere repellat provident occaecati excepturi optio reprehenderit","body":"Fifty"}

10:58:54.352 [main] DEBUG com.intuit.karate - response time in milliseconds: 452.54
1 < 201
1 < Access-Control-Allow-Credentials: true
1 < Access-Control-Expose-Headers: Location
1 < CF-Cache-Status: DYNAMIC
1 < CF-RAY: 7ecb718eeca212ab-MRS
1 < Cache-Control: no-cache
1 < Connection: keep-alive
1 < Content-Length: 139
1 < Content-Type: application/json; charset=utf-8
1 < Date: Wed, 26 Jul 2023 08:58:55 GMT
1 < Etag: W/"8b-/Ir2khVmPqlQXJAWPjwajAK9SMc"
1 < Expires: -1
1 < Location: http://jsonplaceholder.typicode.com/posts/101
1 < NEL: {"success_fraction":0,"report_to":"cf-nel","max_age":604800}
1 < Pragma: no-cache
1 < Report-To: {"endpoints":[{"url":"https:\/\/a.nel.cloudflare.com\/report\/v3?s=PohAZsCjoOXZOG2qDQu0DctoXvZgfqrXj5SAr8OIM7IndokqWzqsH333KpMB7wLv5B%2BrcP%2BMVeuKZ9IQ%2FG2NyIMeSrQ2%2B6nGZG0PJUa%2BF48%2BkwqtMb6ORImE1nx1t47WsfJ%2F1dMFzKgOAKuqK95u"}],"group":"cf-nel","max_age":604800}
1 < Server: cloudflare
1 < Vary: Origin, X-HTTP-Method-Override, Accept-Encoding
1 < Via: 1.1 vegur
1 < X-Content-Type-Options: nosniff
1 < X-Powered-By: Express
1 < X-Ratelimit-Limit: 1000
1 < X-Ratelimit-Remaining: 990
1 < X-Ratelimit-Reset: 1690361964
1 < alt-svc: h3=":443"; ma=86400
{
  "userId": 31,
  "id": 101,
  "title": "sunt aut facere repellat provident occaecati excepturi optio reprehenderit",
  "body": "Fifty"
}

10:58:54.354 [main] DEBUG com.intuit.karate - request:
1 > PUT https://jsonplaceholder.typicode.com/posts/1
1 > Accept: application/json
1 > Accept-Encoding: gzip,deflate
1 > Connection: Keep-Alive
1 > Content-Length: 123
1 > Content-Type: application/json; charset=UTF-8
1 > Host: jsonplaceholder.typicode.com
1 > User-Agent: Apache-HttpClient/4.5.12 (Java/13.0.2)
{"userId":55,"id":1,"title":"sunt aut facere repellat provident occaecati excepturi optio reprehenderit","body":"one word"}

10:58:54.796 [main] DEBUG com.intuit.karate - response time in milliseconds: 441.34
1 < 200
1 < Access-Control-Allow-Credentials: true
1 < CF-Cache-Status: DYNAMIC
1 < CF-RAY: 7ecb7191b8cf18a5-MRS
1 < Cache-Control: no-cache
1 < Connection: keep-alive
1 < Content-Type: application/json; charset=utf-8
1 < Date: Wed, 26 Jul 2023 08:58:55 GMT
1 < Etag: W/"8c-0wDu+kvEN/p9JCZfJxa3hs5ei0Y"
1 < Expires: -1
1 < NEL: {"success_fraction":0,"report_to":"cf-nel","max_age":604800}
1 < Pragma: no-cache
1 < Report-To: {"endpoints":[{"url":"https:\/\/a.nel.cloudflare.com\/report\/v3?s=0rsRHmbWSSbCe%2F%2BaWMLhffhEct9bGF8wO2Sd0DY9gTtvAF5NE7j58yvixkJMqid4BXvZ8z2VqfLNqTi6IIlyMAzaqja8Rh362StEPoGCxGDLl5M5PKkle7VaFN8oEDipa3rAGqX7Wjr%2FtP2IHEwL"}],"group":"cf-nel","max_age":604800}
1 < Server: cloudflare
1 < Transfer-Encoding: chunked
1 < Vary: Origin, Accept-Encoding
1 < Via: 1.1 vegur
1 < X-Content-Type-Options: nosniff
1 < X-Powered-By: Express
1 < X-Ratelimit-Limit: 1000
1 < X-Ratelimit-Remaining: 989
1 < X-Ratelimit-Reset: 1690361964
1 < alt-svc: h3=":443"; ma=86400
{
  "userId": 55,
  "id": 1,
  "title": "sunt aut facere repellat provident occaecati excepturi optio reprehenderit",
  "body": "one word"
}

]]></system-out>
  </testcase>
  <testcase name="runTest" classname="com.api.automation.putrequest.TestPutnRunner" time="1.031">
    <system-out><![CDATA[10:58:54.807 [main] INFO  com.intuit.karate - karate.env system property was:  
10:58:54.816 [main] DEBUG com.intuit.karate - request:
1 > POST https://jsonplaceholder.typicode.com/posts
1 > Accept: application/json
1 > Accept-Encoding: gzip,deflate
1 > Connection: Keep-Alive
1 > Content-Length: 122
1 > Content-Type: application/json; charset=UTF-8
1 > Host: jsonplaceholder.typicode.com
1 > User-Agent: Apache-HttpClient/4.5.12 (Java/13.0.2)
{"userId":37,"id":102,"title":"sunt aut facere repellat provident occaecati excepturi optio reprehenderit","body":"Fifty"}

10:58:55.274 [main] DEBUG com.intuit.karate - response time in milliseconds: 456.00
1 < 201
1 < Access-Control-Allow-Credentials: true
1 < Access-Control-Expose-Headers: Location
1 < CF-Cache-Status: DYNAMIC
1 < CF-RAY: 7ecb719498b9184e-MRS
1 < Cache-Control: no-cache
1 < Connection: keep-alive
1 < Content-Length: 139
1 < Content-Type: application/json; charset=utf-8
1 < Date: Wed, 26 Jul 2023 08:58:56 GMT
1 < Etag: W/"8b-nUug6DtTr7VcRsf/S7lwPkPKHjI"
1 < Expires: -1
1 < Location: http://jsonplaceholder.typicode.com/posts/101
1 < NEL: {"success_fraction":0,"report_to":"cf-nel","max_age":604800}
1 < Pragma: no-cache
1 < Report-To: {"endpoints":[{"url":"https:\/\/a.nel.cloudflare.com\/report\/v3?s=8k7S0cZZ3X%2B4DZBKSji2XSxLeMQjnyQnYOiH3viMtVDIpKK0LOOx2dWrr0zx0lHuJkZtMNiVObeRovqvXZZLKlGTCYsNL4JV%2BKnlJH2cixpfw2g%2FGtalM4cEiIESGkBWgtsGMNOv1W8hlv5IVdcw"}],"group":"cf-nel","max_age":604800}
1 < Server: cloudflare
1 < Vary: Origin, X-HTTP-Method-Override, Accept-Encoding
1 < Via: 1.1 vegur
1 < X-Content-Type-Options: nosniff
1 < X-Powered-By: Express
1 < X-Ratelimit-Limit: 1000
1 < X-Ratelimit-Remaining: 988
1 < X-Ratelimit-Reset: 1690361964
1 < alt-svc: h3=":443"; ma=86400
{
  "userId": 37,
  "id": 101,
  "title": "sunt aut facere repellat provident occaecati excepturi optio reprehenderit",
  "body": "Fifty"
}

10:58:55.287 [main] INFO  com.intuit.karate - [print] Calling Feature 37
10:58:55.292 [main] INFO  com.intuit.karate - [print] Calling Feature 51
10:58:55.297 [main] DEBUG com.intuit.karate - request:
1 > PUT https://jsonplaceholder.typicode.com/posts/1
1 > Accept: application/json
1 > Accept-Encoding: gzip,deflate
1 > Connection: Keep-Alive
1 > Content-Length: 123
1 > Content-Type: application/json; charset=UTF-8
1 > Host: jsonplaceholder.typicode.com
1 > User-Agent: Apache-HttpClient/4.5.12 (Java/13.0.2)
{"userId":37,"id":1,"title":"sunt aut facere repellat provident occaecati excepturi optio reprehenderit","body":"one word"}

10:58:55.800 [main] DEBUG com.intuit.karate - response time in milliseconds: 501.59
1 < 200
1 < Access-Control-Allow-Credentials: true
1 < CF-Cache-Status: DYNAMIC
1 < CF-RAY: 7ecb7197df0f41b1-MRS
1 < Cache-Control: no-cache
1 < Connection: keep-alive
1 < Content-Type: application/json; charset=utf-8
1 < Date: Wed, 26 Jul 2023 08:58:56 GMT
1 < Etag: W/"8c-xyvoZXKa0LwBX5b2+0bQcIYaI5U"
1 < Expires: -1
1 < NEL: {"success_fraction":0,"report_to":"cf-nel","max_age":604800}
1 < Pragma: no-cache
1 < Report-To: {"endpoints":[{"url":"https:\/\/a.nel.cloudflare.com\/report\/v3?s=Jgo9aMc6F0piVf8y4xbXUDvEqtybPh2urLjkzSYyWxwEdeZ37V1bYECTyYRyWpLl01FTW6QK9jPb%2B%2FZRq8%2Fx4oNKa0O%2Fp%2FDFOAqCK7rOzhb00nOt0%2FxzRBIahZb%2FH7khEbW2ah%2Bq52ac5%2FHBQRZL"}],"group":"cf-nel","max_age":604800}
1 < Server: cloudflare
1 < Transfer-Encoding: chunked
1 < Vary: Origin, Accept-Encoding
1 < Via: 1.1 vegur
1 < X-Content-Type-Options: nosniff
1 < X-Powered-By: Express
1 < X-Ratelimit-Limit: 1000
1 < X-Ratelimit-Remaining: 987
1 < X-Ratelimit-Reset: 1690361964
1 < alt-svc: h3=":443"; ma=86400
{
  "userId": 37,
  "id": 1,
  "title": "sunt aut facere repellat provident occaecati excepturi optio reprehenderit",
  "body": "one word"
}

]]></system-out>
  </testcase>
  <testcase name="runTest" classname="com.api.automation.putrequest.TestPutnRunner" time="0.971">
    <system-out><![CDATA[10:58:55.835 [main] INFO  com.intuit.karate - karate.env system property was:  
10:58:55.842 [main] INFO  com.intuit.karate - [print] Helper ==> https://jsonplaceholder.typicode.com
10:58:55.842 [main] INFO  com.intuit.karate - [print] Helper ==> /posts
10:58:55.843 [main] INFO  com.intuit.karate - [print] Helper ==> 16
10:58:55.844 [main] DEBUG com.intuit.karate - request:
1 > POST https://jsonplaceholder.typicode.com/posts
1 > Accept: application/json
1 > Accept-Encoding: gzip,deflate
1 > Connection: Keep-Alive
1 > Content-Length: 122
1 > Content-Type: application/json; charset=UTF-8
1 > Host: jsonplaceholder.typicode.com
1 > User-Agent: Apache-HttpClient/4.5.12 (Java/13.0.2)
{"userId":16,"id":102,"title":"sunt aut facere repellat provident occaecati excepturi optio reprehenderit","body":"Fifty"}

10:58:56.300 [main] DEBUG com.intuit.karate - response time in milliseconds: 455.73
1 < 201
1 < Access-Control-Allow-Credentials: true
1 < Access-Control-Expose-Headers: Location
1 < CF-Cache-Status: DYNAMIC
1 < CF-RAY: 7ecb719b1fbf0dab-MRS
1 < Cache-Control: no-cache
1 < Connection: keep-alive
1 < Content-Length: 139
1 < Content-Type: application/json; charset=utf-8
1 < Date: Wed, 26 Jul 2023 08:58:57 GMT
1 < Etag: W/"8b-ybrnQlqWOOgvHQ4u2KULl/lwGVs"
1 < Expires: -1
1 < Location: http://jsonplaceholder.typicode.com/posts/101
1 < NEL: {"success_fraction":0,"report_to":"cf-nel","max_age":604800}
1 < Pragma: no-cache
1 < Report-To: {"endpoints":[{"url":"https:\/\/a.nel.cloudflare.com\/report\/v3?s=fzK62culuEAJkTi0vLwZzM3LnWDReaGjxJ8gm1j81vQt4LtSOT2VlGIGkjy8VGuES7csQNIHlf21CSofFsRo6S%2BKxJMsoaXLPRazuupqLijCXNoAA%2FbSPMXQS5gN4K80uXMJOaTAlqtI%2BRVDi8gG"}],"group":"cf-nel","max_age":604800}
1 < Server: cloudflare
1 < Vary: Origin, X-HTTP-Method-Override, Accept-Encoding
1 < Via: 1.1 vegur
1 < X-Content-Type-Options: nosniff
1 < X-Powered-By: Express
1 < X-Ratelimit-Limit: 1000
1 < X-Ratelimit-Remaining: 986
1 < X-Ratelimit-Reset: 1690361964
1 < alt-svc: h3=":443"; ma=86400
{
  "userId": 16,
  "id": 101,
  "title": "sunt aut facere repellat provident occaecati excepturi optio reprehenderit",
  "body": "Fifty"
}

10:58:56.305 [main] DEBUG com.intuit.karate - request:
1 > PUT https://jsonplaceholder.typicode.com/posts/1
1 > Accept: application/json
1 > Accept-Encoding: gzip,deflate
1 > Connection: Keep-Alive
1 > Content-Length: 123
1 > Content-Type: application/json; charset=UTF-8
1 > Host: jsonplaceholder.typicode.com
1 > User-Agent: Apache-HttpClient/4.5.12 (Java/13.0.2)
{"userId":16,"id":1,"title":"sunt aut facere repellat provident occaecati excepturi optio reprehenderit","body":"one word"}

10:58:56.778 [main] DEBUG com.intuit.karate - response time in milliseconds: 472.26
1 < 200
1 < Access-Control-Allow-Credentials: true
1 < CF-Cache-Status: DYNAMIC
1 < CF-RAY: 7ecb719e1a5416a9-MRS
1 < Cache-Control: no-cache
1 < Connection: keep-alive
1 < Content-Type: application/json; charset=utf-8
1 < Date: Wed, 26 Jul 2023 08:58:57 GMT
1 < Etag: W/"8c-1c3zF587uZxEt/XVt6hWPYROi94"
1 < Expires: -1
1 < NEL: {"success_fraction":0,"report_to":"cf-nel","max_age":604800}
1 < Pragma: no-cache
1 < Report-To: {"endpoints":[{"url":"https:\/\/a.nel.cloudflare.com\/report\/v3?s=dH5daGUcOdfJ90iXpQWj8PQbVsRNZIV%2FXTU7JCfnIBHu4v3xZtkqu6AfEYG5rRgvNHnWDgmqxEAdU1dyPpf4qcazysE0dxtvC%2ByKmbyiBB0fyl%2FJ1OJke9SqcXjf0qr1G5FRcQj2%2F30Rr5qHl97N"}],"group":"cf-nel","max_age":604800}
1 < Server: cloudflare
1 < Transfer-Encoding: chunked
1 < Vary: Origin, Accept-Encoding
1 < Via: 1.1 vegur
1 < X-Content-Type-Options: nosniff
1 < X-Powered-By: Express
1 < X-Ratelimit-Limit: 1000
1 < X-Ratelimit-Remaining: 985
1 < X-Ratelimit-Reset: 1690361964
1 < alt-svc: h3=":443"; ma=86400
{
  "userId": 16,
  "id": 1,
  "title": "sunt aut facere repellat provident occaecati excepturi optio reprehenderit",
  "body": "one word"
}

---------------------------------------------------------
feature: classpath:com/api/automation/putrequest/updateUserEntry.feature
scenarios:  4 | passed:  4 | failed:  0 | time: 3.7880
---------------------------------------------------------
]]></system-out>
  </testcase>
</testsuite>